21:22:14.375 [Worker-0] INFO  o.a.AndroidAnnotationProcessor:85 - Initialize AndroidAnnotations 3.0.1 with options {phase=BUILD}
21:22:14.376 [Worker-0] INFO  o.a.AndroidAnnotationProcessor:109 - Start processing for 6 annotations on 4 elements
21:22:14.385 [Worker-0] DEBUG o.a.h.AndroidManifestFinder:137 - AndroidManifest.xml file found in parent folder /home/luiseduardobrito/Projects/android/SocialFeed: /home/luiseduardobrito/Projects/android/SocialFeed/AndroidManifest.xml
21:22:14.387 [Worker-0] INFO  o.a.AndroidAnnotationProcessor:172 - AndroidManifest.xml found: AndroidManifest [applicationPackage=io.github.luiseduardobrito.social, componentQualifiedNames=[io.github.luiseduardobrito.social.MainActivity_], permissionQualifiedNames=[], applicationClassName=null, libraryProject=false, debugabble=false, minSdkVersion=14, maxSdkVersion=-1, targetSdkVersion=19]
21:22:14.387 [Worker-0] INFO  o.a.r.ProjectRClassFinder:50 - Found project R class: io.github.luiseduardobrito.social.R
21:22:14.388 [Worker-0] INFO  o.a.r.AndroidRClassFinder:44 - Found Android class: android.R
21:22:14.391 [Worker-0] INFO  o.a.p.ModelValidator:42 - Validating elements
21:22:14.391 [Worker-0] DEBUG o.a.p.ModelValidator:62 - Validating with EActivityHandler: [io.github.luiseduardobrito.social.MainActivity]
21:22:14.392 [Worker-0] DEBUG o.a.p.ModelValidator:62 - Validating with EFragmentHandler: [io.github.luiseduardobrito.social.MainActivity.PlaceholderFragment]
21:22:14.392 [Worker-0] DEBUG o.a.p.ModelValidator:62 - Validating with ViewByIdHandler: [textView]
21:22:14.393 [Worker-0] DEBUG o.a.p.ModelValidator:62 - Validating with OptionsMenuHandler: [io.github.luiseduardobrito.social.MainActivity]
21:22:14.393 [Worker-0] DEBUG o.a.p.ModelValidator:62 - Validating with OptionsItemHandler: [void actionSettings() ]
21:22:14.394 [Worker-0] DEBUG o.a.p.ModelValidator:62 - Validating with AfterViewsHandler: [void init() , void initViews() ]
21:22:14.394 [Worker-0] INFO  o.a.p.ModelProcessor:73 - Processing root elements
21:22:14.394 [Worker-0] DEBUG o.a.p.ModelProcessor:80 - Processing root elements EActivityHandler: [io.github.luiseduardobrito.social.MainActivity]
21:22:14.396 [Worker-0] DEBUG o.a.p.ModelProcessor:80 - Processing root elements EFragmentHandler: [io.github.luiseduardobrito.social.MainActivity.PlaceholderFragment]
21:22:14.397 [Worker-0] INFO  o.a.p.ModelProcessor:104 - Processing enclosed elements
21:22:14.398 [Worker-0] INFO  o.a.AndroidAnnotationProcessor:251 - Number of files generated by AndroidAnnotations: 2
21:22:14.398 [Worker-0] INFO  o.a.g.ApiCodeGenerator:52 - Writting following API classes in project: []
21:22:14.398 [Worker-0] DEBUG o.a.g.SourceCodewriter:55 - Generating class: io.github.luiseduardobrito.social.MainActivity_
21:22:14.403 [Worker-0] DEBUG o.a.g.SourceCodewriter:55 - Generating class: io.github.luiseduardobrito.social.MainActivity.PlaceholderFragment_
21:22:14.406 [Worker-0] INFO  o.a.p.TimeStats:81 - Time measurements: [Whole Processing = 30 ms], [Extract Annotations = 8 ms], [Generate Sources = 8 ms], [Find R Classes = 4 ms], [Process Annotations = 4 ms], [Validate Annotations = 3 ms], [Extract Manifest = 2 ms], 
21:22:14.406 [Worker-0] INFO  o.a.AndroidAnnotationProcessor:123 - Finish processing
21:22:24.180 [Worker-1] INFO  o.a.AndroidAnnotationProcessor:85 - Initialize AndroidAnnotations 3.0.1 with options {phase=BUILD}
21:22:52.21 [Worker-3] INFO  o.a.AndroidAnnotationProcessor:85 - Initialize AndroidAnnotations 3.0.1 with options {phase=BUILD}
21:22:52.22 [Worker-3] INFO  o.a.AndroidAnnotationProcessor:109 - Start processing for 4 annotations on 1 elements
21:22:52.29 [Worker-3] DEBUG o.a.h.AndroidManifestFinder:137 - AndroidManifest.xml file found in parent folder /home/luiseduardobrito/Projects/android/SocialFeed: /home/luiseduardobrito/Projects/android/SocialFeed/AndroidManifest.xml
21:22:52.31 [Worker-3] INFO  o.a.AndroidAnnotationProcessor:172 - AndroidManifest.xml found: AndroidManifest [applicationPackage=io.github.luiseduardobrito.social, componentQualifiedNames=[io.github.luiseduardobrito.social.MainActivity_], permissionQualifiedNames=[], applicationClassName=null, libraryProject=false, debugabble=false, minSdkVersion=14, maxSdkVersion=-1, targetSdkVersion=19]
21:22:52.31 [Worker-3] INFO  o.a.r.ProjectRClassFinder:50 - Found project R class: io.github.luiseduardobrito.social.R
21:22:52.31 [Worker-3] INFO  o.a.r.AndroidRClassFinder:44 - Found Android class: android.R
21:22:52.35 [Worker-3] INFO  o.a.p.ModelValidator:42 - Validating elements
21:22:52.35 [Worker-3] DEBUG o.a.p.ModelValidator:62 - Validating with EActivityHandler: [io.github.luiseduardobrito.social.MainActivity]
21:22:52.36 [Worker-3] DEBUG o.a.p.ModelValidator:62 - Validating with OptionsMenuHandler: [io.github.luiseduardobrito.social.MainActivity]
21:22:52.36 [Worker-3] DEBUG o.a.p.ModelValidator:62 - Validating with OptionsItemHandler: [void actionSettings() ]
21:22:52.37 [Worker-3] DEBUG o.a.p.ModelValidator:62 - Validating with AfterViewsHandler: [void initViews() , void init() ]
21:22:52.37 [Worker-3] ERROR o.a.h.AnnotationHelper:110 - @org.androidannotations.annotations.AfterViews can only be used in a class annotated with @org.androidannotations.annotations.EActivity, @org.androidannotations.annotations.EViewGroup, @org.androidannotations.annotations.EView, @org.androidannotations.annotations.EBean, @org.androidannotations.annotations.EFragment.
21:22:52.37 [Worker-3] WARN  o.a.p.ModelValidator:69 - Element AfterViewsHandler unvalidated by 
21:22:52.37 [Worker-3] INFO  o.a.p.ModelProcessor:73 - Processing root elements
21:22:52.38 [Worker-3] DEBUG o.a.p.ModelProcessor:80 - Processing root elements EActivityHandler: [io.github.luiseduardobrito.social.MainActivity]
21:22:52.39 [Worker-3] INFO  o.a.p.ModelProcessor:104 - Processing enclosed elements
21:22:52.40 [Worker-3] INFO  o.a.AndroidAnnotationProcessor:251 - Number of files generated by AndroidAnnotations: 1
21:22:52.40 [Worker-3] INFO  o.a.g.ApiCodeGenerator:52 - Writting following API classes in project: []
21:22:52.40 [Worker-3] DEBUG o.a.g.SourceCodewriter:55 - Generating class: io.github.luiseduardobrito.social.MainActivity_
21:22:52.43 [Worker-3] INFO  o.a.p.TimeStats:81 - Time measurements: [Whole Processing = 21 ms], [Extract Annotations = 7 ms], [Find R Classes = 4 ms], [Process Annotations = 3 ms], [Generate Sources = 3 ms], [Extract Manifest = 2 ms], [Validate Annotations = 2 ms], 
21:22:52.43 [Worker-3] INFO  o.a.AndroidAnnotationProcessor:123 - Finish processing
21:23:09.73 [Worker-7] INFO  o.a.AndroidAnnotationProcessor:85 - Initialize AndroidAnnotations 3.0.1 with options {phase=BUILD}
21:23:09.75 [Worker-7] INFO  o.a.AndroidAnnotationProcessor:109 - Start processing for 4 annotations on 2 elements
21:23:09.85 [Worker-7] DEBUG o.a.h.AndroidManifestFinder:137 - AndroidManifest.xml file found in parent folder /home/luiseduardobrito/Projects/android/SocialFeed: /home/luiseduardobrito/Projects/android/SocialFeed/AndroidManifest.xml
21:23:09.87 [Worker-7] INFO  o.a.AndroidAnnotationProcessor:172 - AndroidManifest.xml found: AndroidManifest [applicationPackage=io.github.luiseduardobrito.social, componentQualifiedNames=[io.github.luiseduardobrito.social.MainActivity_], permissionQualifiedNames=[], applicationClassName=null, libraryProject=false, debugabble=false, minSdkVersion=14, maxSdkVersion=-1, targetSdkVersion=19]
21:23:09.87 [Worker-7] INFO  o.a.r.ProjectRClassFinder:50 - Found project R class: io.github.luiseduardobrito.social.R
21:23:09.88 [Worker-7] INFO  o.a.r.AndroidRClassFinder:44 - Found Android class: android.R
21:23:09.93 [Worker-7] INFO  o.a.p.ModelValidator:42 - Validating elements
21:23:09.94 [Worker-7] DEBUG o.a.p.ModelValidator:62 - Validating with EActivityHandler: [io.github.luiseduardobrito.social.MainActivity]
21:23:09.95 [Worker-7] DEBUG o.a.p.ModelValidator:62 - Validating with OptionsMenuHandler: [io.github.luiseduardobrito.social.MainActivity]
21:23:09.96 [Worker-7] DEBUG o.a.p.ModelValidator:62 - Validating with OptionsItemHandler: [void actionSettings() ]
21:23:09.97 [Worker-7] DEBUG o.a.p.ModelValidator:62 - Validating with AfterViewsHandler: [void initViews() , void init() ]
21:23:09.97 [Worker-7] ERROR o.a.h.AnnotationHelper:110 - @org.androidannotations.annotations.AfterViews can only be used in a class annotated with @org.androidannotations.annotations.EActivity, @org.androidannotations.annotations.EViewGroup, @org.androidannotations.annotations.EView, @org.androidannotations.annotations.EBean, @org.androidannotations.annotations.EFragment.
21:23:09.97 [Worker-7] WARN  o.a.p.ModelValidator:69 - Element AfterViewsHandler unvalidated by 
21:23:09.98 [Worker-7] INFO  o.a.p.ModelProcessor:73 - Processing root elements
21:23:09.98 [Worker-7] DEBUG o.a.p.ModelProcessor:80 - Processing root elements EActivityHandler: [io.github.luiseduardobrito.social.MainActivity]
21:23:09.101 [Worker-7] INFO  o.a.p.ModelProcessor:104 - Processing enclosed elements
21:23:09.102 [Worker-7] INFO  o.a.AndroidAnnotationProcessor:251 - Number of files generated by AndroidAnnotations: 1
21:23:09.102 [Worker-7] INFO  o.a.g.ApiCodeGenerator:52 - Writting following API classes in project: []
21:23:09.102 [Worker-7] DEBUG o.a.g.SourceCodewriter:55 - Generating class: io.github.luiseduardobrito.social.MainActivity_
21:23:09.105 [Worker-7] INFO  o.a.p.TimeStats:81 - Time measurements: [Whole Processing = 30 ms], [Extract Annotations = 9 ms], [Find R Classes = 6 ms], [Validate Annotations = 5 ms], [Process Annotations = 4 ms], [Generate Sources = 3 ms], [Extract Manifest = 2 ms], 
21:23:09.105 [Worker-7] INFO  o.a.AndroidAnnotationProcessor:123 - Finish processing
21:23:14.779 [Worker-7] INFO  o.a.AndroidAnnotationProcessor:85 - Initialize AndroidAnnotations 3.0.1 with options {phase=BUILD}
21:23:14.781 [Worker-7] INFO  o.a.AndroidAnnotationProcessor:109 - Start processing for 6 annotations on 2 elements
21:23:14.789 [Worker-7] DEBUG o.a.h.AndroidManifestFinder:137 - AndroidManifest.xml file found in parent folder /home/luiseduardobrito/Projects/android/SocialFeed: /home/luiseduardobrito/Projects/android/SocialFeed/AndroidManifest.xml
21:23:14.790 [Worker-7] INFO  o.a.AndroidAnnotationProcessor:172 - AndroidManifest.xml found: AndroidManifest [applicationPackage=io.github.luiseduardobrito.social, componentQualifiedNames=[io.github.luiseduardobrito.social.MainActivity_], permissionQualifiedNames=[], applicationClassName=null, libraryProject=false, debugabble=false, minSdkVersion=14, maxSdkVersion=-1, targetSdkVersion=19]
21:23:14.790 [Worker-7] INFO  o.a.r.ProjectRClassFinder:50 - Found project R class: io.github.luiseduardobrito.social.R
21:23:14.791 [Worker-7] INFO  o.a.r.AndroidRClassFinder:44 - Found Android class: android.R
21:23:14.795 [Worker-7] INFO  o.a.p.ModelValidator:42 - Validating elements
21:23:14.795 [Worker-7] DEBUG o.a.p.ModelValidator:62 - Validating with EActivityHandler: [io.github.luiseduardobrito.social.MainActivity]
21:23:14.795 [Worker-7] DEBUG o.a.p.ModelValidator:62 - Validating with EFragmentHandler: [io.github.luiseduardobrito.social.MainActivity.PlaceholderFragment]
21:23:14.796 [Worker-7] DEBUG o.a.p.ModelValidator:62 - Validating with ViewByIdHandler: [textView]
21:23:14.796 [Worker-7] DEBUG o.a.p.ModelValidator:62 - Validating with OptionsMenuHandler: [io.github.luiseduardobrito.social.MainActivity]
21:23:14.797 [Worker-7] DEBUG o.a.p.ModelValidator:62 - Validating with OptionsItemHandler: [void actionSettings() ]
21:23:14.797 [Worker-7] DEBUG o.a.p.ModelValidator:62 - Validating with AfterViewsHandler: [void initViews() , void init() ]
21:23:14.798 [Worker-7] INFO  o.a.p.ModelProcessor:73 - Processing root elements
21:23:14.798 [Worker-7] DEBUG o.a.p.ModelProcessor:80 - Processing root elements EActivityHandler: [io.github.luiseduardobrito.social.MainActivity]
21:23:14.800 [Worker-7] DEBUG o.a.p.ModelProcessor:80 - Processing root elements EFragmentHandler: [io.github.luiseduardobrito.social.MainActivity.PlaceholderFragment]
21:23:14.801 [Worker-7] INFO  o.a.p.ModelProcessor:104 - Processing enclosed elements
21:23:14.802 [Worker-7] INFO  o.a.AndroidAnnotationProcessor:251 - Number of files generated by AndroidAnnotations: 2
21:23:14.802 [Worker-7] INFO  o.a.g.ApiCodeGenerator:52 - Writting following API classes in project: []
21:23:14.802 [Worker-7] DEBUG o.a.g.SourceCodewriter:55 - Generating class: io.github.luiseduardobrito.social.MainActivity_
21:23:14.805 [Worker-7] DEBUG o.a.g.SourceCodewriter:55 - Generating class: io.github.luiseduardobrito.social.MainActivity.PlaceholderFragment_
21:23:14.809 [Worker-7] INFO  o.a.p.TimeStats:81 - Time measurements: [Whole Processing = 28 ms], [Extract Annotations = 7 ms], [Generate Sources = 7 ms], [Find R Classes = 4 ms], [Process Annotations = 4 ms], [Validate Annotations = 3 ms], [Extract Manifest = 2 ms], 
21:23:14.809 [Worker-7] INFO  o.a.AndroidAnnotationProcessor:123 - Finish processing
21:23:22.943 [Worker-0] INFO  o.a.AndroidAnnotationProcessor:85 - Initialize AndroidAnnotations 3.0.1 with options {phase=BUILD}
21:23:22.945 [Worker-0] INFO  o.a.AndroidAnnotationProcessor:109 - Start processing for 4 annotations on 2 elements
21:23:22.954 [Worker-0] DEBUG o.a.h.AndroidManifestFinder:137 - AndroidManifest.xml file found in parent folder /home/luiseduardobrito/Projects/android/SocialFeed: /home/luiseduardobrito/Projects/android/SocialFeed/AndroidManifest.xml
21:23:22.955 [Worker-0] INFO  o.a.AndroidAnnotationProcessor:172 - AndroidManifest.xml found: AndroidManifest [applicationPackage=io.github.luiseduardobrito.social, componentQualifiedNames=[io.github.luiseduardobrito.social.MainActivity_], permissionQualifiedNames=[], applicationClassName=null, libraryProject=false, debugabble=false, minSdkVersion=14, maxSdkVersion=-1, targetSdkVersion=19]
21:23:22.956 [Worker-0] INFO  o.a.r.ProjectRClassFinder:50 - Found project R class: io.github.luiseduardobrito.social.R
21:23:22.956 [Worker-0] INFO  o.a.r.AndroidRClassFinder:44 - Found Android class: android.R
21:23:22.961 [Worker-0] INFO  o.a.p.ModelValidator:42 - Validating elements
21:23:22.962 [Worker-0] DEBUG o.a.p.ModelValidator:62 - Validating with EActivityHandler: [io.github.luiseduardobrito.social.MainActivity]
21:23:22.963 [Worker-0] DEBUG o.a.p.ModelValidator:62 - Validating with OptionsMenuHandler: [io.github.luiseduardobrito.social.MainActivity]
21:23:22.963 [Worker-0] DEBUG o.a.p.ModelValidator:62 - Validating with OptionsItemHandler: [void actionSettings() ]
21:23:22.964 [Worker-0] DEBUG o.a.p.ModelValidator:62 - Validating with AfterViewsHandler: [void init() ]
21:23:22.964 [Worker-0] INFO  o.a.p.ModelProcessor:73 - Processing root elements
21:23:22.965 [Worker-0] DEBUG o.a.p.ModelProcessor:80 - Processing root elements EActivityHandler: [io.github.luiseduardobrito.social.MainActivity]
21:23:22.967 [Worker-0] INFO  o.a.p.ModelProcessor:104 - Processing enclosed elements
21:23:22.967 [Worker-0] INFO  o.a.AndroidAnnotationProcessor:251 - Number of files generated by AndroidAnnotations: 1
21:23:22.968 [Worker-0] INFO  o.a.g.ApiCodeGenerator:52 - Writting following API classes in project: []
21:23:22.968 [Worker-0] DEBUG o.a.g.SourceCodewriter:55 - Generating class: io.github.luiseduardobrito.social.MainActivity_
21:23:22.971 [Worker-0] INFO  o.a.p.TimeStats:81 - Time measurements: [Whole Processing = 26 ms], [Extract Annotations = 9 ms], [Find R Classes = 4 ms], [Validate Annotations = 3 ms], [Process Annotations = 3 ms], [Generate Sources = 3 ms], [Extract Manifest = 1 ms], 
21:23:22.971 [Worker-0] INFO  o.a.AndroidAnnotationProcessor:123 - Finish processing
21:23:25.504 [Worker-6] INFO  o.a.AndroidAnnotationProcessor:85 - Initialize AndroidAnnotations 3.0.1 with options {phase=BUILD}
21:23:25.506 [Worker-6] INFO  o.a.AndroidAnnotationProcessor:109 - Start processing for 4 annotations on 2 elements
21:23:25.514 [Worker-6] DEBUG o.a.h.AndroidManifestFinder:137 - AndroidManifest.xml file found in parent folder /home/luiseduardobrito/Projects/android/SocialFeed: /home/luiseduardobrito/Projects/android/SocialFeed/AndroidManifest.xml
21:23:25.516 [Worker-6] INFO  o.a.AndroidAnnotationProcessor:172 - AndroidManifest.xml found: AndroidManifest [applicationPackage=io.github.luiseduardobrito.social, componentQualifiedNames=[io.github.luiseduardobrito.social.MainActivity_], permissionQualifiedNames=[], applicationClassName=null, libraryProject=false, debugabble=false, minSdkVersion=14, maxSdkVersion=-1, targetSdkVersion=19]
21:23:25.516 [Worker-6] INFO  o.a.r.ProjectRClassFinder:50 - Found project R class: io.github.luiseduardobrito.social.R
21:23:25.517 [Worker-6] INFO  o.a.r.AndroidRClassFinder:44 - Found Android class: android.R
21:23:25.521 [Worker-6] INFO  o.a.p.ModelValidator:42 - Validating elements
21:23:25.521 [Worker-6] DEBUG o.a.p.ModelValidator:62 - Validating with EActivityHandler: [io.github.luiseduardobrito.social.MainActivity]
21:23:25.522 [Worker-6] DEBUG o.a.p.ModelValidator:62 - Validating with OptionsMenuHandler: [io.github.luiseduardobrito.social.MainActivity]
21:23:25.522 [Worker-6] DEBUG o.a.p.ModelValidator:62 - Validating with OptionsItemHandler: [void actionSettings() ]
21:23:25.523 [Worker-6] DEBUG o.a.p.ModelValidator:62 - Validating with AfterViewsHandler: [void init() ]
21:23:25.524 [Worker-6] INFO  o.a.p.ModelProcessor:73 - Processing root elements
21:23:25.524 [Worker-6] DEBUG o.a.p.ModelProcessor:80 - Processing root elements EActivityHandler: [io.github.luiseduardobrito.social.MainActivity]
21:23:25.526 [Worker-6] INFO  o.a.p.ModelProcessor:104 - Processing enclosed elements
21:23:25.526 [Worker-6] INFO  o.a.AndroidAnnotationProcessor:251 - Number of files generated by AndroidAnnotations: 1
21:23:25.527 [Worker-6] INFO  o.a.g.ApiCodeGenerator:52 - Writting following API classes in project: []
21:23:25.527 [Worker-6] DEBUG o.a.g.SourceCodewriter:55 - Generating class: io.github.luiseduardobrito.social.MainActivity_
21:23:25.529 [Worker-6] INFO  o.a.p.TimeStats:81 - Time measurements: [Whole Processing = 23 ms], [Extract Annotations = 8 ms], [Find R Classes = 5 ms], [Process Annotations = 3 ms], [Generate Sources = 3 ms], [Extract Manifest = 2 ms], [Validate Annotations = 2 ms], 
21:23:25.530 [Worker-6] INFO  o.a.AndroidAnnotationProcessor:123 - Finish processing
21:23:38.426 [Worker-0] INFO  o.a.AndroidAnnotationProcessor:85 - Initialize AndroidAnnotations 3.0.1 with options {phase=BUILD}
21:23:38.427 [Worker-0] INFO  o.a.AndroidAnnotationProcessor:109 - Start processing for 3 annotations on 1 elements
21:23:38.431 [Worker-0] DEBUG o.a.h.AndroidManifestFinder:137 - AndroidManifest.xml file found in parent folder /home/luiseduardobrito/Projects/android/SocialFeed: /home/luiseduardobrito/Projects/android/SocialFeed/AndroidManifest.xml
21:23:38.432 [Worker-0] INFO  o.a.AndroidAnnotationProcessor:172 - AndroidManifest.xml found: AndroidManifest [applicationPackage=io.github.luiseduardobrito.social, componentQualifiedNames=[io.github.luiseduardobrito.social.MainActivity_], permissionQualifiedNames=[], applicationClassName=null, libraryProject=false, debugabble=false, minSdkVersion=14, maxSdkVersion=-1, targetSdkVersion=19]
21:23:38.432 [Worker-0] INFO  o.a.r.ProjectRClassFinder:50 - Found project R class: io.github.luiseduardobrito.social.R
21:23:38.433 [Worker-0] INFO  o.a.r.AndroidRClassFinder:44 - Found Android class: android.R
21:23:38.436 [Worker-0] INFO  o.a.p.ModelValidator:42 - Validating elements
21:23:38.437 [Worker-0] DEBUG o.a.p.ModelValidator:62 - Validating with EFragmentHandler: [io.github.luiseduardobrito.social.PlaceholderFragment]
21:23:38.437 [Worker-0] DEBUG o.a.p.ModelValidator:62 - Validating with ViewByIdHandler: [textView]
21:23:38.438 [Worker-0] DEBUG o.a.p.ModelValidator:62 - Validating with AfterViewsHandler: [void initViews() ]
21:23:38.439 [Worker-0] INFO  o.a.p.ModelProcessor:73 - Processing root elements
21:23:38.439 [Worker-0] DEBUG o.a.p.ModelProcessor:80 - Processing root elements EFragmentHandler: [io.github.luiseduardobrito.social.PlaceholderFragment]
21:23:38.439 [Worker-0] INFO  o.a.p.ModelProcessor:104 - Processing enclosed elements
21:23:38.440 [Worker-0] INFO  o.a.AndroidAnnotationProcessor:251 - Number of files generated by AndroidAnnotations: 1
21:23:38.440 [Worker-0] INFO  o.a.g.ApiCodeGenerator:52 - Writting following API classes in project: []
21:23:38.440 [Worker-0] DEBUG o.a.g.SourceCodewriter:55 - Generating class: io.github.luiseduardobrito.social.PlaceholderFragment_
21:23:38.442 [Worker-0] INFO  o.a.p.TimeStats:81 - Time measurements: [Whole Processing = 15 ms], [Find R Classes = 4 ms], [Extract Annotations = 3 ms], [Validate Annotations = 2 ms], [Process Annotations = 2 ms], [Generate Sources = 2 ms], [Extract Manifest = 1 ms], 
21:23:38.442 [Worker-0] INFO  o.a.AndroidAnnotationProcessor:123 - Finish processing
21:23:44.705 [Worker-2] INFO  o.a.AndroidAnnotationProcessor:85 - Initialize AndroidAnnotations 3.0.1 with options {phase=BUILD}
21:23:44.707 [Worker-2] INFO  o.a.AndroidAnnotationProcessor:109 - Start processing for 3 annotations on 2 elements
21:23:44.710 [Worker-2] DEBUG o.a.h.AndroidManifestFinder:137 - AndroidManifest.xml file found in parent folder /home/luiseduardobrito/Projects/android/SocialFeed: /home/luiseduardobrito/Projects/android/SocialFeed/AndroidManifest.xml
21:23:44.711 [Worker-2] INFO  o.a.AndroidAnnotationProcessor:172 - AndroidManifest.xml found: AndroidManifest [applicationPackage=io.github.luiseduardobrito.social, componentQualifiedNames=[io.github.luiseduardobrito.social.MainActivity_], permissionQualifiedNames=[], applicationClassName=null, libraryProject=false, debugabble=false, minSdkVersion=14, maxSdkVersion=-1, targetSdkVersion=19]
21:23:44.712 [Worker-2] INFO  o.a.r.ProjectRClassFinder:50 - Found project R class: io.github.luiseduardobrito.social.R
21:23:44.712 [Worker-2] INFO  o.a.r.AndroidRClassFinder:44 - Found Android class: android.R
21:23:44.716 [Worker-2] INFO  o.a.p.ModelValidator:42 - Validating elements
21:23:44.716 [Worker-2] DEBUG o.a.p.ModelValidator:62 - Validating with EFragmentHandler: [io.github.luiseduardobrito.social.PlaceholderFragment]
21:23:44.716 [Worker-2] DEBUG o.a.p.ModelValidator:62 - Validating with ViewByIdHandler: [textView]
21:23:44.717 [Worker-2] DEBUG o.a.p.ModelValidator:62 - Validating with AfterViewsHandler: [void initViews() ]
21:23:44.718 [Worker-2] INFO  o.a.p.ModelProcessor:73 - Processing root elements
21:23:44.718 [Worker-2] DEBUG o.a.p.ModelProcessor:80 - Processing root elements EFragmentHandler: [io.github.luiseduardobrito.social.PlaceholderFragment]
21:23:44.719 [Worker-2] INFO  o.a.p.ModelProcessor:104 - Processing enclosed elements
21:23:44.719 [Worker-2] INFO  o.a.AndroidAnnotationProcessor:251 - Number of files generated by AndroidAnnotations: 1
21:23:44.719 [Worker-2] INFO  o.a.g.ApiCodeGenerator:52 - Writting following API classes in project: []
21:23:44.720 [Worker-2] DEBUG o.a.g.SourceCodewriter:55 - Generating class: io.github.luiseduardobrito.social.PlaceholderFragment_
21:23:44.721 [Worker-2] INFO  o.a.p.TimeStats:81 - Time measurements: [Whole Processing = 14 ms], [Extract Annotations = 3 ms], [Find R Classes = 3 ms], [Validate Annotations = 2 ms], [Generate Sources = 2 ms], [Extract Manifest = 1 ms], [Process Annotations = 1 ms], 
21:23:44.721 [Worker-2] INFO  o.a.AndroidAnnotationProcessor:123 - Finish processing
